# JRE version: Java(TM) SE Runtime Environment (7.0_79-b15) (build 1.7.0_79-b15)
# Java VM: Java HotSpot(TM) 64-Bit Server VM (24.79-b02 mixed mode windows-amd64 compressed oops)
Heap
 PSYoungGen      total 291840K, used 29686K [0x00000007aaa80000, 0x00000007d0e80000, 0x0000000800000000)
  eden space 262144K, 0% used [0x00000007aaa80000,0x00000007aaa80000,0x00000007baa80000)
  from space 29696K, 99% used [0x00000007baa80000,0x00000007bc77d8c0,0x00000007bc780000)
  to   space 51200K, 0% used [0x00000007cdc80000,0x00000007cdc80000,0x00000007d0e80000)
 ParOldGen       total 86528K, used 82698K [0x0000000700000000, 0x0000000705480000, 0x00000007aaa80000)
  object space 86528K, 95% used [0x0000000700000000,0x00000007050c2828,0x0000000705480000)
 PSPermGen       total 21504K, used 6043K [0x00000006fae00000, 0x00000006fc300000, 0x0000000700000000)
  object space 21504K, 28% used [0x00000006fae00000,0x00000006fb3e6e58,0x00000006fc300000)
GC Heap History (10 events):
Event: 2.059 GC heap after
Heap after GC invocations=3 (full 0):
 PSYoungGen      total 71680K, used 5119K [0x00000007aaa80000, 0x00000007b3680000, 0x0000000800000000)
  eden space 66560K, 0% used [0x00000007aaa80000,0x00000007aaa80000,0x00000007aeb80000)
  from space 5120K, 99% used [0x00000007aeb80000,0x00000007af07feb8,0x00000007af080000)
  to   space 5120K, 0% used [0x00000007b3180000,0x00000007b3180000,0x00000007b3680000)
 ParOldGen       total 86528K, used 19539K [0x0000000700000000, 0x0000000705480000, 0x00000007aaa80000)
  object space 86528K, 22% used [0x0000000700000000,0x0000000701314d50,0x0000000705480000)
 PSPermGen       total 21504K, used 5888K [0x00000006fae00000, 0x00000006fc300000, 0x0000000700000000)
  object space 21504K, 27% used [0x00000006fae00000,0x00000006fb3c0038,0x00000006fc300000)
}
Event: 2.823 GC heap before
{Heap before GC invocations=4 (full 0):
 PSYoungGen      total 71680K, used 71679K [0x00000007aaa80000, 0x00000007b3680000, 0x0000000800000000)
  eden space 66560K, 100% used [0x00000007aaa80000,0x00000007aeb80000,0x00000007aeb80000)
  from space 5120K, 99% used [0x00000007aeb80000,0x00000007af07feb8,0x00000007af080000)
  to   space 5120K, 0% used [0x00000007b3180000,0x00000007b3180000,0x00000007b3680000)
 ParOldGen       total 86528K, used 19539K [0x0000000700000000, 0x0000000705480000, 0x00000007aaa80000)
  object space 86528K, 22% used [0x0000000700000000,0x0000000701314d50,0x0000000705480000)
 PSPermGen       total 21504K, used 5931K [0x00000006fae00000, 0x00000006fc300000, 0x0000000700000000)
  object space 21504K, 27% used [0x00000006fae00000,0x00000006fb3cad78,0x00000006fc300000)
Event: 2.845 GC heap after
Heap after GC invocations=4 (full 0):
 PSYoungGen      total 138240K, used 5119K [0x00000007aaa80000, 0x00000007b3680000, 0x0000000800000000)
  eden space 133120K, 0% used [0x00000007aaa80000,0x00000007aaa80000,0x00000007b2c80000)
  from space 5120K, 99% used [0x00000007b3180000,0x00000007b367ff40,0x00000007b3680000)
  to   space 5120K, 0% used [0x00000007b2c80000,0x00000007b2c80000,0x00000007b3180000)
 ParOldGen       total 86528K, used 29801K [0x0000000700000000, 0x0000000705480000, 0x00000007aaa80000)
  object space 86528K, 34% used [0x0000000700000000,0x0000000701d1a508,0x0000000705480000)
 PSPermGen       total 21504K, used 5931K [0x00000006fae00000, 0x00000006fc300000, 0x0000000700000000)
  object space 21504K, 27% used [0x00000006fae00000,0x00000006fb3cad78,0x00000006fc300000)
}
Event: 3.784 GC heap before
{Heap before GC invocations=5 (full 0):
 PSYoungGen      total 138240K, used 138239K [0x00000007aaa80000, 0x00000007b3680000, 0x0000000800000000)
  eden space 133120K, 100% used [0x00000007aaa80000,0x00000007b2c80000,0x00000007b2c80000)
  from space 5120K, 99% used [0x00000007b3180000,0x00000007b367ff40,0x00000007b3680000)
  to   space 5120K, 0% used [0x00000007b2c80000,0x00000007b2c80000,0x00000007b3180000)
 ParOldGen       total 86528K, used 29801K [0x0000000700000000, 0x0000000705480000, 0x00000007aaa80000)
  object space 86528K, 34% used [0x0000000700000000,0x0000000701d1a508,0x0000000705480000)
 PSPermGen       total 21504K, used 5972K [0x00000006fae00000, 0x00000006fc300000, 0x0000000700000000)
  object space 21504K, 27% used [0x00000006fae00000,0x00000006fb3d5120,0x00000006fc300000)
Event: 3.817 GC heap after
Heap after GC invocations=5 (full 0):
 PSYoungGen      total 138240K, used 5114K [0x00000007aaa80000, 0x00000007be080000, 0x0000000800000000)
  eden space 133120K, 0% used [0x00000007aaa80000,0x00000007aaa80000,0x00000007b2c80000)
  from space 5120K, 99% used [0x00000007b2c80000,0x00000007b317e940,0x00000007b3180000)
  to   space 25600K, 0% used [0x00000007bc780000,0x00000007bc780000,0x00000007be080000)
 ParOldGen       total 86528K, used 49116K [0x0000000700000000, 0x0000000705480000, 0x00000007aaa80000)
  object space 86528K, 56% used [0x0000000700000000,0x0000000702ff7320,0x0000000705480000)
 PSPermGen       total 21504K, used 5972K [0x00000006fae00000, 0x00000006fc300000, 0x0000000700000000)
  object space 21504K, 27% used [0x00000006fae00000,0x00000006fb3d5120,0x00000006fc300000)
}
Event: 4.301 GC heap before
{Heap before GC invocations=6 (full 0):
 PSYoungGen      total 138240K, used 138234K [0x00000007aaa80000, 0x00000007be080000, 0x0000000800000000)
  eden space 133120K, 100% used [0x00000007aaa80000,0x00000007b2c80000,0x00000007b2c80000)
  from space 5120K, 99% used [0x00000007b2c80000,0x00000007b317e940,0x00000007b3180000)
  to   space 25600K, 0% used [0x00000007bc780000,0x00000007bc780000,0x00000007be080000)
 ParOldGen       total 86528K, used 49116K [0x0000000700000000, 0x0000000705480000, 0x00000007aaa80000)
  object space 86528K, 56% used [0x0000000700000000,0x0000000702ff7320,0x0000000705480000)
 PSPermGen       total 21504K, used 6026K [0x00000006fae00000, 0x00000006fc300000, 0x0000000700000000)
  object space 21504K, 28% used [0x00000006fae00000,0x00000006fb3e2b28,0x00000006fc300000)
Event: 4.341 GC heap after
Heap after GC invocations=6 (full 0):
 PSYoungGen      total 287744K, used 24565K [0x00000007aaa80000, 0x00000007be880000, 0x0000000800000000)
  eden space 262144K, 0% used [0x00000007aaa80000,0x00000007aaa80000,0x00000007baa80000)
  from space 25600K, 95% used [0x00000007bc780000,0x00000007bdf7d510,0x00000007be080000)
  to   space 29696K, 0% used [0x00000007baa80000,0x00000007baa80000,0x00000007bc780000)
 ParOldGen       total 86528K, used 49116K [0x0000000700000000, 0x0000000705480000, 0x00000007aaa80000)
  object space 86528K, 56% used [0x0000000700000000,0x0000000702ff7320,0x0000000705480000)
 PSPermGen       total 21504K, used 6026K [0x00000006fae00000, 0x00000006fc300000, 0x0000000700000000)
  object space 21504K, 28% used [0x00000006fae00000,0x00000006fb3e2b28,0x00000006fc300000)
}
Event: 5.182 GC heap before
{Heap before GC invocations=7 (full 0):
 PSYoungGen      total 287744K, used 286709K [0x00000007aaa80000, 0x00000007be880000, 0x0000000800000000)
  eden space 262144K, 100% used [0x00000007aaa80000,0x00000007baa80000,0x00000007baa80000)
  from space 25600K, 95% used [0x00000007bc780000,0x00000007bdf7d510,0x00000007be080000)
  to   space 29696K, 0% used [0x00000007baa80000,0x00000007baa80000,0x00000007bc780000)
 ParOldGen       total 86528K, used 49116K [0x0000000700000000, 0x0000000705480000, 0x00000007aaa80000)
  object space 86528K, 56% used [0x0000000700000000,0x0000000702ff7320,0x0000000705480000)
 PSPermGen       total 21504K, used 6043K [0x00000006fae00000, 0x00000006fc300000, 0x0000000700000000)
  object space 21504K, 28% used [0x00000006fae00000,0x00000006fb3e6e58,0x00000006fc300000)
Event: 5.273 GC heap after
Heap after GC invocations=7 (full 0):
 PSYoungGen      total 291840K, used 29686K [0x00000007aaa80000, 0x00000007d0e80000, 0x0000000800000000)
  eden space 262144K, 0% used [0x00000007aaa80000,0x00000007aaa80000,0x00000007baa80000)
  from space 29696K, 99% used [0x00000007baa80000,0x00000007bc77d8c0,0x00000007bc780000)
  to   space 51200K, 0% used [0x00000007cdc80000,0x00000007cdc80000,0x00000007d0e80000)
 ParOldGen       total 86528K, used 82698K [0x0000000700000000, 0x0000000705480000, 0x00000007aaa80000)
  object space 86528K, 95% used [0x0000000700000000,0x00000007050c2828,0x0000000705480000)
 PSPermGen       total 21504K, used 6043K [0x00000006fae00000, 0x00000006fc300000, 0x0000000700000000)
  object space 21504K, 28% used [0x00000006fae00000,0x00000006fb3e6e58,0x00000006fc300000)
}
Event: 5.273 GC heap before
{Heap before GC invocations=8 (full 1):
 PSYoungGen      total 291840K, used 29686K [0x00000007aaa80000, 0x00000007d0e80000, 0x0000000800000000)
  eden space 262144K, 0% used [0x00000007aaa80000,0x00000007aaa80000,0x00000007baa80000)
  from space 29696K, 99% used [0x00000007baa80000,0x00000007bc77d8c0,0x00000007bc780000)
  to   space 51200K, 0% used [0x00000007cdc80000,0x00000007cdc80000,0x00000007d0e80000)
 ParOldGen       total 86528K, used 82698K [0x0000000700000000, 0x0000000705480000, 0x00000007aaa80000)
  object space 86528K, 95% used [0x0000000700000000,0x00000007050c2828,0x0000000705480000)
 PSPermGen       total 21504K, used 6043K [0x00000006fae00000, 0x00000006fc300000, 0x0000000700000000)
  object space 21504K, 28% used [0x00000006fae00000,0x00000006fb3e6e58,0x00000006fc300000)

