# JRE version: Java(TM) SE Runtime Environment (7.0_79-b15) (build 1.7.0_79-b15)
# Java VM: Java HotSpot(TM) 64-Bit Server VM (24.79-b02 mixed mode windows-amd64 compressed oops)
Heap
 PSYoungGen      total 229376K, used 117248K [0x00000000eaa80000, 0x00000000ffc00000, 0x0000000100000000)
  eden space 117248K, 100% used [0x00000000eaa80000,0x00000000f1d00000,0x00000000f1d00000)
  from space 112128K, 0% used [0x00000000f8e80000,0x00000000f8e80000,0x00000000ffc00000)
  to   space 114176K, 0% used [0x00000000f1d00000,0x00000000f1d00000,0x00000000f8c80000)
 ParOldGen       total 698880K, used 698772K [0x00000000c0000000, 0x00000000eaa80000, 0x00000000eaa80000)
  object space 698880K, 99% used [0x00000000c0000000,0x00000000eaa650d8,0x00000000eaa80000)
 PSPermGen       total 21504K, used 6296K [0x00000000bae00000, 0x00000000bc300000, 0x00000000c0000000)
  object space 21504K, 29% used [0x00000000bae00000,0x00000000bb426390,0x00000000bc300000)
GC Heap History (10 events):
Event: 38.068 GC heap after
Heap after GC invocations=53 (full 13):
 PSYoungGen      total 229376K, used 58707K [0x00000000eaa80000, 0x00000000ffc00000, 0x0000000100000000)
  eden space 117248K, 50% used [0x00000000eaa80000,0x00000000ee3d4d40,0x00000000f1d00000)
  from space 112128K, 0% used [0x00000000f8e80000,0x00000000f8e80000,0x00000000ffc00000)
  to   space 114176K, 0% used [0x00000000f1d00000,0x00000000f1d00000,0x00000000f8c80000)
 ParOldGen       total 698880K, used 698372K [0x00000000c0000000, 0x00000000eaa80000, 0x00000000eaa80000)
  object space 698880K, 99% used [0x00000000c0000000,0x00000000eaa013a8,0x00000000eaa80000)
 PSPermGen       total 21504K, used 6261K [0x00000000bae00000, 0x00000000bc300000, 0x00000000c0000000)
  object space 21504K, 29% used [0x00000000bae00000,0x00000000bb41d658,0x00000000bc300000)
}
Event: 38.136 GC heap before
{Heap before GC invocations=54 (full 14):
 PSYoungGen      total 229376K, used 117248K [0x00000000eaa80000, 0x00000000ffc00000, 0x0000000100000000)
  eden space 117248K, 100% used [0x00000000eaa80000,0x00000000f1d00000,0x00000000f1d00000)
  from space 112128K, 0% used [0x00000000f8e80000,0x00000000f8e80000,0x00000000ffc00000)
  to   space 114176K, 0% used [0x00000000f1d00000,0x00000000f1d00000,0x00000000f8c80000)
 ParOldGen       total 698880K, used 698372K [0x00000000c0000000, 0x00000000eaa80000, 0x00000000eaa80000)
  object space 698880K, 99% used [0x00000000c0000000,0x00000000eaa013a8,0x00000000eaa80000)
 PSPermGen       total 21504K, used 6267K [0x00000000bae00000, 0x00000000bc300000, 0x00000000c0000000)
  object space 21504K, 29% used [0x00000000bae00000,0x00000000bb41ef60,0x00000000bc300000)
Event: 39.305 GC heap after
Heap after GC invocations=54 (full 14):
 PSYoungGen      total 229376K, used 67385K [0x00000000eaa80000, 0x00000000ffc00000, 0x0000000100000000)
  eden space 117248K, 57% used [0x00000000eaa80000,0x00000000eec4e750,0x00000000f1d00000)
  from space 112128K, 0% used [0x00000000f8e80000,0x00000000f8e80000,0x00000000ffc00000)
  to   space 114176K, 0% used [0x00000000f1d00000,0x00000000f1d00000,0x00000000f8c80000)
 ParOldGen       total 698880K, used 698372K [0x00000000c0000000, 0x00000000eaa80000, 0x00000000eaa80000)
  object space 698880K, 99% used [0x00000000c0000000,0x00000000eaa013a8,0x00000000eaa80000)
 PSPermGen       total 21504K, used 6267K [0x00000000bae00000, 0x00000000bc300000, 0x00000000c0000000)
  object space 21504K, 29% used [0x00000000bae00000,0x00000000bb41ef40,0x00000000bc300000)
}
Event: 39.479 GC heap before
{Heap before GC invocations=55 (full 15):
 PSYoungGen      total 229376K, used 117248K [0x00000000eaa80000, 0x00000000ffc00000, 0x0000000100000000)
  eden space 117248K, 100% used [0x00000000eaa80000,0x00000000f1d00000,0x00000000f1d00000)
  from space 112128K, 0% used [0x00000000f8e80000,0x00000000f8e80000,0x00000000ffc00000)
  to   space 114176K, 0% used [0x00000000f1d00000,0x00000000f1d00000,0x00000000f8c80000)
 ParOldGen       total 698880K, used 698372K [0x00000000c0000000, 0x00000000eaa80000, 0x00000000eaa80000)
  object space 698880K, 99% used [0x00000000c0000000,0x00000000eaa013a8,0x00000000eaa80000)
 PSPermGen       total 21504K, used 6295K [0x00000000bae00000, 0x00000000bc300000, 0x00000000c0000000)
  object space 21504K, 29% used [0x00000000bae00000,0x00000000bb425dd0,0x00000000bc300000)
Event: 44.561 GC heap after
Heap after GC invocations=55 (full 15):
 PSYoungGen      total 229376K, used 69599K [0x00000000eaa80000, 0x00000000ffc00000, 0x0000000100000000)
  eden space 117248K, 59% used [0x00000000eaa80000,0x00000000eee77f28,0x00000000f1d00000)
  from space 112128K, 0% used [0x00000000f8e80000,0x00000000f8e80000,0x00000000ffc00000)
  to   space 114176K, 0% used [0x00000000f1d00000,0x00000000f1d00000,0x00000000f8c80000)
 ParOldGen       total 698880K, used 698772K [0x00000000c0000000, 0x00000000eaa80000, 0x00000000eaa80000)
  object space 698880K, 99% used [0x00000000c0000000,0x00000000eaa650d8,0x00000000eaa80000)
 PSPermGen       total 21504K, used 6295K [0x00000000bae00000, 0x00000000bc300000, 0x00000000c0000000)
  object space 21504K, 29% used [0x00000000bae00000,0x00000000bb425d90,0x00000000bc300000)
}
Event: 44.642 GC heap before
{Heap before GC invocations=56 (full 16):
 PSYoungGen      total 229376K, used 117248K [0x00000000eaa80000, 0x00000000ffc00000, 0x0000000100000000)
  eden space 117248K, 100% used [0x00000000eaa80000,0x00000000f1d00000,0x00000000f1d00000)
  from space 112128K, 0% used [0x00000000f8e80000,0x00000000f8e80000,0x00000000ffc00000)
  to   space 114176K, 0% used [0x00000000f1d00000,0x00000000f1d00000,0x00000000f8c80000)
 ParOldGen       total 698880K, used 698772K [0x00000000c0000000, 0x00000000eaa80000, 0x00000000eaa80000)
  object space 698880K, 99% used [0x00000000c0000000,0x00000000eaa650d8,0x00000000eaa80000)
 PSPermGen       total 21504K, used 6295K [0x00000000bae00000, 0x00000000bc300000, 0x00000000c0000000)
  object space 21504K, 29% used [0x00000000bae00000,0x00000000bb425dd0,0x00000000bc300000)
Event: 45.774 GC heap after
Heap after GC invocations=56 (full 16):
 PSYoungGen      total 229376K, used 77859K [0x00000000eaa80000, 0x00000000ffc00000, 0x0000000100000000)
  eden space 117248K, 66% used [0x00000000eaa80000,0x00000000ef688ca8,0x00000000f1d00000)
  from space 112128K, 0% used [0x00000000f8e80000,0x00000000f8e80000,0x00000000ffc00000)
  to   space 114176K, 0% used [0x00000000f1d00000,0x00000000f1d00000,0x00000000f8c80000)
 ParOldGen       total 698880K, used 698772K [0x00000000c0000000, 0x00000000eaa80000, 0x00000000eaa80000)
  object space 698880K, 99% used [0x00000000c0000000,0x00000000eaa650d8,0x00000000eaa80000)
 PSPermGen       total 21504K, used 6295K [0x00000000bae00000, 0x00000000bc300000, 0x00000000c0000000)
  object space 21504K, 29% used [0x00000000bae00000,0x00000000bb425dd0,0x00000000bc300000)
}
Event: 45.818 GC heap before
{Heap before GC invocations=57 (full 17):
 PSYoungGen      total 229376K, used 117241K [0x00000000eaa80000, 0x00000000ffc00000, 0x0000000100000000)
  eden space 117248K, 99% used [0x00000000eaa80000,0x00000000f1cfe6c8,0x00000000f1d00000)
  from space 112128K, 0% used [0x00000000f8e80000,0x00000000f8e80000,0x00000000ffc00000)
  to   space 114176K, 0% used [0x00000000f1d00000,0x00000000f1d00000,0x00000000f8c80000)
 ParOldGen       total 698880K, used 698772K [0x00000000c0000000, 0x00000000eaa80000, 0x00000000eaa80000)
  object space 698880K, 99% used [0x00000000c0000000,0x00000000eaa650d8,0x00000000eaa80000)
 PSPermGen       total 21504K, used 6296K [0x00000000bae00000, 0x00000000bc300000, 0x00000000c0000000)
  object space 21504K, 29% used [0x00000000bae00000,0x00000000bb426390,0x00000000bc300000)
Event: 46.913 GC heap after
Heap after GC invocations=57 (full 17):
 PSYoungGen      total 229376K, used 81968K [0x00000000eaa80000, 0x00000000ffc00000, 0x0000000100000000)
  eden space 117248K, 69% used [0x00000000eaa80000,0x00000000efa8c1f8,0x00000000f1d00000)
  from space 112128K, 0% used [0x00000000f8e80000,0x00000000f8e80000,0x00000000ffc00000)
  to   space 114176K, 0% used [0x00000000f1d00000,0x00000000f1d00000,0x00000000f8c80000)
 ParOldGen       total 698880K, used 698772K [0x00000000c0000000, 0x00000000eaa80000, 0x00000000eaa80000)
  object space 698880K, 99% used [0x00000000c0000000,0x00000000eaa650d8,0x00000000eaa80000)
 PSPermGen       total 21504K, used 6296K [0x00000000bae00000, 0x00000000bc300000, 0x00000000c0000000)
  object space 21504K, 29% used [0x00000000bae00000,0x00000000bb426390,0x00000000bc300000)
}
Event: 47.020 GC heap before
{Heap before GC invocations=58 (full 18):
 PSYoungGen      total 229376K, used 117248K [0x00000000eaa80000, 0x00000000ffc00000, 0x0000000100000000)
  eden space 117248K, 100% used [0x00000000eaa80000,0x00000000f1d00000,0x00000000f1d00000)
  from space 112128K, 0% used [0x00000000f8e80000,0x00000000f8e80000,0x00000000ffc00000)
  to   space 114176K, 0% used [0x00000000f1d00000,0x00000000f1d00000,0x00000000f8c80000)
 ParOldGen       total 698880K, used 698772K [0x00000000c0000000, 0x00000000eaa80000, 0x00000000eaa80000)
  object space 698880K, 99% used [0x00000000c0000000,0x00000000eaa650d8,0x00000000eaa80000)
 PSPermGen       total 21504K, used 6296K [0x00000000bae00000, 0x00000000bc300000, 0x00000000c0000000)
  object space 21504K, 29% used [0x00000000bae00000,0x00000000bb426390,0x00000000bc300000)

