# JRE version: Java(TM) SE Runtime Environment (7.0_79-b15) (build 1.7.0_79-b15)
# Java VM: Java HotSpot(TM) 64-Bit Server VM (24.79-b02 mixed mode windows-amd64 compressed oops)
Heap
 PSYoungGen      total 839680K, used 252338K [0x00000007aaa80000, 0x00000007f0b00000, 0x0000000800000000)
  eden space 620032K, 24% used [0x00000007aaa80000,0x00000007b41704c8,0x00000007d0800000)
  from space 219648K, 44% used [0x00000007d0800000,0x00000007d677c650,0x00000007dde80000)
  to   space 210944K, 0% used [0x00000007e3d00000,0x00000007e3d00000,0x00000007f0b00000)
 ParOldGen       total 767488K, used 452085K [0x0000000700000000, 0x000000072ed80000, 0x00000007aaa80000)
  object space 767488K, 58% used [0x0000000700000000,0x000000071b97d420,0x000000072ed80000)
 PSPermGen       total 21504K, used 6199K [0x00000006fae00000, 0x00000006fc300000, 0x0000000700000000)
  object space 21504K, 28% used [0x00000006fae00000,0x00000006fb40dda0,0x00000006fc300000)
GC Heap History (10 events):
Event: 11.743 GC heap before
{Heap before GC invocations=15 (full 3):
 PSYoungGen      total 561664K, used 548926K [0x00000007aaa80000, 0x00000007e0300000, 0x0000000800000000)
  eden space 449536K, 100% used [0x00000007aaa80000,0x00000007c6180000,0x00000007c6180000)
  from space 112128K, 88% used [0x00000007c6180000,0x00000007cc28fa30,0x00000007ccf00000)
  to   space 168960K, 0% used [0x00000007d5e00000,0x00000007d5e00000,0x00000007e0300000)
 ParOldGen       total 538112K, used 320507K [0x0000000700000000, 0x0000000720d80000, 0x00000007aaa80000)
  object space 538112K, 59% used [0x0000000700000000,0x00000007138fecd8,0x0000000720d80000)
 PSPermGen       total 21504K, used 6126K [0x00000006fae00000, 0x00000006fc300000, 0x0000000700000000)
  object space 21504K, 28% used [0x00000006fae00000,0x00000006fb3fb8c8,0x00000006fc300000)
Event: 11.909 GC heap after
Heap after GC invocations=15 (full 3):
 PSYoungGen      total 690176K, used 129950K [0x00000007aaa80000, 0x00000007e0e80000, 0x0000000800000000)
  eden space 521216K, 0% used [0x00000007aaa80000,0x00000007aaa80000,0x00000007ca780000)
  from space 168960K, 76% used [0x00000007d5e00000,0x00000007ddce7850,0x00000007e0300000)
  to   space 183808K, 0% used [0x00000007ca780000,0x00000007ca780000,0x00000007d5b00000)
 ParOldGen       total 538112K, used 378024K [0x0000000700000000, 0x0000000720d80000, 0x00000007aaa80000)
  object space 538112K, 70% used [0x0000000700000000,0x000000071712a388,0x0000000720d80000)
 PSPermGen       total 21504K, used 6126K [0x00000006fae00000, 0x00000006fc300000, 0x0000000700000000)
  object space 21504K, 28% used [0x00000006fae00000,0x00000006fb3fb8c8,0x00000006fc300000)
}
Event: 12.697 GC heap before
{Heap before GC invocations=16 (full 3):
 PSYoungGen      total 690176K, used 651166K [0x00000007aaa80000, 0x00000007e0e80000, 0x0000000800000000)
  eden space 521216K, 100% used [0x00000007aaa80000,0x00000007ca780000,0x00000007ca780000)
  from space 168960K, 76% used [0x00000007d5e00000,0x00000007ddce7850,0x00000007e0300000)
  to   space 183808K, 0% used [0x00000007ca780000,0x00000007ca780000,0x00000007d5b00000)
 ParOldGen       total 538112K, used 378024K [0x0000000700000000, 0x0000000720d80000, 0x00000007aaa80000)
  object space 538112K, 70% used [0x0000000700000000,0x000000071712a388,0x0000000720d80000)
 PSPermGen       total 21504K, used 6131K [0x00000006fae00000, 0x00000006fc300000, 0x0000000700000000)
  object space 21504K, 28% used [0x00000006fae00000,0x00000006fb3fce00,0x00000006fc300000)
Event: 12.857 GC heap after
Heap after GC invocations=16 (full 3):
 PSYoungGen      total 705024K, used 183797K [0x00000007aaa80000, 0x00000007ebb00000, 0x0000000800000000)
  eden space 521216K, 0% used [0x00000007aaa80000,0x00000007aaa80000,0x00000007ca780000)
  from space 183808K, 99% used [0x00000007ca780000,0x00000007d5afd6b0,0x00000007d5b00000)
  to   space 225792K, 0% used [0x00000007dde80000,0x00000007dde80000,0x00000007ebb00000)
 ParOldGen       total 538112K, used 405942K [0x0000000700000000, 0x0000000720d80000, 0x00000007aaa80000)
  object space 538112K, 75% used [0x0000000700000000,0x0000000718c6d930,0x0000000720d80000)
 PSPermGen       total 21504K, used 6131K [0x00000006fae00000, 0x00000006fc300000, 0x0000000700000000)
  object space 21504K, 28% used [0x00000006fae00000,0x00000006fb3fce00,0x00000006fc300000)
}
Event: 13.561 GC heap before
{Heap before GC invocations=17 (full 3):
 PSYoungGen      total 705024K, used 705013K [0x00000007aaa80000, 0x00000007ebb00000, 0x0000000800000000)
  eden space 521216K, 100% used [0x00000007aaa80000,0x00000007ca780000,0x00000007ca780000)
  from space 183808K, 99% used [0x00000007ca780000,0x00000007d5afd6b0,0x00000007d5b00000)
  to   space 225792K, 0% used [0x00000007dde80000,0x00000007dde80000,0x00000007ebb00000)
 ParOldGen       total 538112K, used 405942K [0x0000000700000000, 0x0000000720d80000, 0x00000007aaa80000)
  object space 538112K, 75% used [0x0000000700000000,0x0000000718c6d930,0x0000000720d80000)
 PSPermGen       total 21504K, used 6183K [0x00000006fae00000, 0x00000006fc300000, 0x0000000700000000)
  object space 21504K, 28% used [0x00000006fae00000,0x00000006fb409c38,0x00000006fc300000)
Event: 13.732 GC heap after
Heap after GC invocations=17 (full 3):
 PSYoungGen      total 843776K, used 103858K [0x00000007aaa80000, 0x00000007eb900000, 0x0000000800000000)
  eden space 620032K, 0% used [0x00000007aaa80000,0x00000007aaa80000,0x00000007d0800000)
  from space 223744K, 46% used [0x00000007dde80000,0x00000007e43ecb48,0x00000007eb900000)
  to   space 219648K, 0% used [0x00000007d0800000,0x00000007d0800000,0x00000007dde80000)
 ParOldGen       total 552448K, used 552149K [0x0000000700000000, 0x0000000721b80000, 0x00000007aaa80000)
  object space 552448K, 99% used [0x0000000700000000,0x0000000721b35680,0x0000000721b80000)
 PSPermGen       total 21504K, used 6183K [0x00000006fae00000, 0x00000006fc300000, 0x0000000700000000)
  object space 21504K, 28% used [0x00000006fae00000,0x00000006fb409c38,0x00000006fc300000)
}
Event: 13.732 GC heap before
{Heap before GC invocations=18 (full 4):
 PSYoungGen      total 843776K, used 103858K [0x00000007aaa80000, 0x00000007eb900000, 0x0000000800000000)
  eden space 620032K, 0% used [0x00000007aaa80000,0x00000007aaa80000,0x00000007d0800000)
  from space 223744K, 46% used [0x00000007dde80000,0x00000007e43ecb48,0x00000007eb900000)
  to   space 219648K, 0% used [0x00000007d0800000,0x00000007d0800000,0x00000007dde80000)
 ParOldGen       total 552448K, used 552149K [0x0000000700000000, 0x0000000721b80000, 0x00000007aaa80000)
  object space 552448K, 99% used [0x0000000700000000,0x0000000721b35680,0x0000000721b80000)
 PSPermGen       total 21504K, used 6183K [0x00000006fae00000, 0x00000006fc300000, 0x0000000700000000)
  object space 21504K, 28% used [0x00000006fae00000,0x00000006fb409c38,0x00000006fc300000)
Event: 15.005 GC heap after
Heap after GC invocations=18 (full 4):
 PSYoungGen      total 843776K, used 0K [0x00000007aaa80000, 0x00000007eb900000, 0x0000000800000000)
  eden space 620032K, 0% used [0x00000007aaa80000,0x00000007aaa80000,0x00000007d0800000)
  from space 223744K, 0% used [0x00000007dde80000,0x00000007dde80000,0x00000007eb900000)
  to   space 219648K, 0% used [0x00000007d0800000,0x00000007d0800000,0x00000007dde80000)
 ParOldGen       total 767488K, used 452085K [0x0000000700000000, 0x000000072ed80000, 0x00000007aaa80000)
  object space 767488K, 58% used [0x0000000700000000,0x000000071b97d420,0x000000072ed80000)
 PSPermGen       total 21504K, used 6182K [0x00000006fae00000, 0x00000006fc300000, 0x0000000700000000)
  object space 21504K, 28% used [0x00000006fae00000,0x00000006fb409b78,0x00000006fc300000)
}
Event: 15.563 GC heap before
{Heap before GC invocations=19 (full 4):
 PSYoungGen      total 843776K, used 620032K [0x00000007aaa80000, 0x00000007eb900000, 0x0000000800000000)
  eden space 620032K, 100% used [0x00000007aaa80000,0x00000007d0800000,0x00000007d0800000)
  from space 223744K, 0% used [0x00000007dde80000,0x00000007dde80000,0x00000007eb900000)
  to   space 219648K, 0% used [0x00000007d0800000,0x00000007d0800000,0x00000007dde80000)
 ParOldGen       total 767488K, used 452085K [0x0000000700000000, 0x000000072ed80000, 0x00000007aaa80000)
  object space 767488K, 58% used [0x0000000700000000,0x000000071b97d420,0x000000072ed80000)
 PSPermGen       total 21504K, used 6197K [0x00000006fae00000, 0x00000006fc300000, 0x0000000700000000)
  object space 21504K, 28% used [0x00000006fae00000,0x00000006fb40d678,0x00000006fc300000)
Event: 15.652 GC heap after
Heap after GC invocations=19 (full 4):
 PSYoungGen      total 839680K, used 97777K [0x00000007aaa80000, 0x00000007f0b00000, 0x0000000800000000)
  eden space 620032K, 0% used [0x00000007aaa80000,0x00000007aaa80000,0x00000007d0800000)
  from space 219648K, 44% used [0x00000007d0800000,0x00000007d677c650,0x00000007dde80000)
  to   space 210944K, 0% used [0x00000007e3d00000,0x00000007e3d00000,0x00000007f0b00000)
 ParOldGen       total 767488K, used 452085K [0x0000000700000000, 0x000000072ed80000, 0x00000007aaa80000)
  object space 767488K, 58% used [0x0000000700000000,0x000000071b97d420,0x000000072ed80000)
 PSPermGen       total 21504K, used 6197K [0x00000006fae00000, 0x00000006fc300000, 0x0000000700000000)
  object space 21504K, 28% used [0x00000006fae00000,0x00000006fb40d678,0x00000006fc300000)
}

