# JRE version: Java(TM) SE Runtime Environment (7.0_79-b15) (build 1.7.0_79-b15)
# Java VM: Java HotSpot(TM) 64-Bit Server VM (24.79-b02 mixed mode windows-amd64 compressed oops)
Heap
 PSYoungGen      total 999936K, used 3303K [0x00000007aaa80000, 0x0000000800000000, 0x0000000800000000)
  eden space 601600K, 0% used [0x00000007aaa80000,0x00000007aadb9ee8,0x00000007cf600000)
  from space 398336K, 0% used [0x00000007cf600000,0x00000007cf600000,0x00000007e7b00000)
  to   space 384000K, 0% used [0x00000007e8900000,0x00000007e8900000,0x0000000800000000)
 ParOldGen       total 832512K, used 466852K [0x0000000700000000, 0x0000000732d00000, 0x00000007aaa80000)
  object space 832512K, 56% used [0x0000000700000000,0x000000071c7e9330,0x0000000732d00000)
 PSPermGen       total 21504K, used 6644K [0x00000006fae00000, 0x00000006fc300000, 0x0000000700000000)
  object space 21504K, 30% used [0x00000006fae00000,0x00000006fb47d200,0x00000006fc300000)
GC Heap History (10 events):
Event: 15.899 GC heap before
{Heap before GC invocations=20 (full 4):
 PSYoungGen      total 782848K, used 737662K [0x00000007aaa80000, 0x00000007f1580000, 0x0000000800000000)
  eden space 556544K, 100% used [0x00000007aaa80000,0x00000007cca00000,0x00000007cca00000)
  from space 226304K, 80% used [0x00000007cca00000,0x00000007d7adf9e8,0x00000007da700000)
  to   space 247296K, 0% used [0x00000007e2400000,0x00000007e2400000,0x00000007f1580000)
 ParOldGen       total 798720K, used 473862K [0x0000000700000000, 0x0000000730c00000, 0x00000007aaa80000)
  object space 798720K, 59% used [0x0000000700000000,0x000000071cec1918,0x0000000730c00000)
 PSPermGen       total 21504K, used 6206K [0x00000006fae00000, 0x00000006fc300000, 0x0000000700000000)
  object space 21504K, 28% used [0x00000006fae00000,0x00000006fb40fa50,0x00000006fc300000)
Event: 16.197 GC heap after
Heap after GC invocations=20 (full 4):
 PSYoungGen      total 863232K, used 247289K [0x00000007aaa80000, 0x00000007f8b00000, 0x0000000800000000)
  eden space 615936K, 0% used [0x00000007aaa80000,0x00000007aaa80000,0x00000007d0400000)
  from space 247296K, 99% used [0x00000007e2400000,0x00000007f157e770,0x00000007f1580000)
  to   space 294912K, 0% used [0x00000007d0400000,0x00000007d0400000,0x00000007e2400000)
 ParOldGen       total 798720K, used 491987K [0x0000000700000000, 0x0000000730c00000, 0x00000007aaa80000)
  object space 798720K, 61% used [0x0000000700000000,0x000000071e074f00,0x0000000730c00000)
 PSPermGen       total 21504K, used 6206K [0x00000006fae00000, 0x00000006fc300000, 0x0000000700000000)
  object space 21504K, 28% used [0x00000006fae00000,0x00000006fb40fa50,0x00000006fc300000)
}
Event: 16.808 GC heap before
{Heap before GC invocations=21 (full 4):
 PSYoungGen      total 863232K, used 863225K [0x00000007aaa80000, 0x00000007f8b00000, 0x0000000800000000)
  eden space 615936K, 100% used [0x00000007aaa80000,0x00000007d0400000,0x00000007d0400000)
  from space 247296K, 99% used [0x00000007e2400000,0x00000007f157e770,0x00000007f1580000)
  to   space 294912K, 0% used [0x00000007d0400000,0x00000007d0400000,0x00000007e2400000)
 ParOldGen       total 798720K, used 491987K [0x0000000700000000, 0x0000000730c00000, 0x00000007aaa80000)
  object space 798720K, 61% used [0x0000000700000000,0x000000071e074f00,0x0000000730c00000)
 PSPermGen       total 21504K, used 6210K [0x00000006fae00000, 0x00000006fc300000, 0x0000000700000000)
  object space 21504K, 28% used [0x00000006fae00000,0x00000006fb4108d8,0x00000006fc300000)
Event: 17.052 GC heap after
Heap after GC invocations=21 (full 4):
 PSYoungGen      total 910848K, used 264152K [0x00000007aaa80000, 0x00000007ff300000, 0x0000000800000000)
  eden space 615936K, 0% used [0x00000007aaa80000,0x00000007aaa80000,0x00000007d0400000)
  from space 294912K, 89% used [0x00000007d0400000,0x00000007e05f6230,0x00000007e2400000)
  to   space 332288K, 0% used [0x00000007eae80000,0x00000007eae80000,0x00000007ff300000)
 ParOldGen       total 798720K, used 571740K [0x0000000700000000, 0x0000000730c00000, 0x00000007aaa80000)
  object space 798720K, 71% used [0x0000000700000000,0x0000000722e57018,0x0000000730c00000)
 PSPermGen       total 21504K, used 6210K [0x00000006fae00000, 0x00000006fc300000, 0x0000000700000000)
  object space 21504K, 28% used [0x00000006fae00000,0x00000006fb4108d8,0x00000006fc300000)
}
Event: 17.664 GC heap before
{Heap before GC invocations=22 (full 4):
 PSYoungGen      total 910848K, used 880088K [0x00000007aaa80000, 0x00000007ff300000, 0x0000000800000000)
  eden space 615936K, 100% used [0x00000007aaa80000,0x00000007d0400000,0x00000007d0400000)
  from space 294912K, 89% used [0x00000007d0400000,0x00000007e05f6230,0x00000007e2400000)
  to   space 332288K, 0% used [0x00000007eae80000,0x00000007eae80000,0x00000007ff300000)
 ParOldGen       total 798720K, used 571740K [0x0000000700000000, 0x0000000730c00000, 0x00000007aaa80000)
  object space 798720K, 71% used [0x0000000700000000,0x0000000722e57018,0x0000000730c00000)
 PSPermGen       total 21504K, used 6215K [0x00000006fae00000, 0x00000006fc300000, 0x0000000700000000)
  object space 21504K, 28% used [0x00000006fae00000,0x00000006fb411ef0,0x00000006fc300000)
Event: 17.985 GC heap after
Heap after GC invocations=22 (full 4):
 PSYoungGen      total 933888K, used 332259K [0x00000007aaa80000, 0x0000000800000000, 0x0000000800000000)
  eden space 601600K, 0% used [0x00000007aaa80000,0x00000007aaa80000,0x00000007cf600000)
  from space 332288K, 99% used [0x00000007eae80000,0x00000007ff2f8ef8,0x00000007ff300000)
  to   space 398336K, 0% used [0x00000007cf600000,0x00000007cf600000,0x00000007e7b00000)
 ParOldGen       total 798720K, used 601445K [0x0000000700000000, 0x0000000730c00000, 0x00000007aaa80000)
  object space 798720K, 75% used [0x0000000700000000,0x0000000724b59600,0x0000000730c00000)
 PSPermGen       total 21504K, used 6215K [0x00000006fae00000, 0x00000006fc300000, 0x0000000700000000)
  object space 21504K, 28% used [0x00000006fae00000,0x00000006fb411ef0,0x00000006fc300000)
}
Event: 20.845 GC heap before
{Heap before GC invocations=23 (full 4):
 PSYoungGen      total 933888K, used 933859K [0x00000007aaa80000, 0x0000000800000000, 0x0000000800000000)
  eden space 601600K, 100% used [0x00000007aaa80000,0x00000007cf600000,0x00000007cf600000)
  from space 332288K, 99% used [0x00000007eae80000,0x00000007ff2f8ef8,0x00000007ff300000)
  to   space 398336K, 0% used [0x00000007cf600000,0x00000007cf600000,0x00000007e7b00000)
 ParOldGen       total 798720K, used 601445K [0x0000000700000000, 0x0000000730c00000, 0x00000007aaa80000)
  object space 798720K, 75% used [0x0000000700000000,0x0000000724b59600,0x0000000730c00000)
 PSPermGen       total 21504K, used 6609K [0x00000006fae00000, 0x00000006fc300000, 0x0000000700000000)
  object space 21504K, 30% used [0x00000006fae00000,0x00000006fb474640,0x00000006fc300000)
Event: 21.112 GC heap after
Heap after GC invocations=23 (full 4):
 PSYoungGen      total 999936K, used 179253K [0x00000007aaa80000, 0x0000000800000000, 0x0000000800000000)
  eden space 601600K, 0% used [0x00000007aaa80000,0x00000007aaa80000,0x00000007cf600000)
  from space 398336K, 45% used [0x00000007cf600000,0x00000007da50d668,0x00000007e7b00000)
  to   space 384000K, 0% used [0x00000007e8900000,0x00000007e8900000,0x0000000800000000)
 ParOldGen       total 798720K, used 679033K [0x0000000700000000, 0x0000000730c00000, 0x00000007aaa80000)
  object space 798720K, 85% used [0x0000000700000000,0x000000072971e4f8,0x0000000730c00000)
 PSPermGen       total 21504K, used 6609K [0x00000006fae00000, 0x00000006fc300000, 0x0000000700000000)
  object space 21504K, 30% used [0x00000006fae00000,0x00000006fb474640,0x00000006fc300000)
}
Event: 21.113 GC heap before
{Heap before GC invocations=24 (full 5):
 PSYoungGen      total 999936K, used 179253K [0x00000007aaa80000, 0x0000000800000000, 0x0000000800000000)
  eden space 601600K, 0% used [0x00000007aaa80000,0x00000007aaa80000,0x00000007cf600000)
  from space 398336K, 45% used [0x00000007cf600000,0x00000007da50d668,0x00000007e7b00000)
  to   space 384000K, 0% used [0x00000007e8900000,0x00000007e8900000,0x0000000800000000)
 ParOldGen       total 798720K, used 679033K [0x0000000700000000, 0x0000000730c00000, 0x00000007aaa80000)
  object space 798720K, 85% used [0x0000000700000000,0x000000072971e4f8,0x0000000730c00000)
 PSPermGen       total 21504K, used 6609K [0x00000006fae00000, 0x00000006fc300000, 0x0000000700000000)
  object space 21504K, 30% used [0x00000006fae00000,0x00000006fb474640,0x00000006fc300000)
Event: 23.917 GC heap after
Heap after GC invocations=24 (full 5):
 PSYoungGen      total 999936K, used 0K [0x00000007aaa80000, 0x0000000800000000, 0x0000000800000000)
  eden space 601600K, 0% used [0x00000007aaa80000,0x00000007aaa80000,0x00000007cf600000)
  from space 398336K, 0% used [0x00000007cf600000,0x00000007cf600000,0x00000007e7b00000)
  to   space 384000K, 0% used [0x00000007e8900000,0x00000007e8900000,0x0000000800000000)
 ParOldGen       total 832512K, used 466852K [0x0000000700000000, 0x0000000732d00000, 0x00000007aaa80000)
  object space 832512K, 56% used [0x0000000700000000,0x000000071c7e9330,0x0000000732d00000)
 PSPermGen       total 21504K, used 6607K [0x00000006fae00000, 0x00000006fc300000, 0x0000000700000000)
  object space 21504K, 30% used [0x00000006fae00000,0x00000006fb473f10,0x00000006fc300000)
}

